<?xml version="1.0" encoding="UTF-8"?>
<!-- Generated by org.testng.reporters.JUnitReportReporter -->
<testsuite hostname="RCCHN0027" name="com.test.selenium.AppTest" tests="3" failures="0" timestamp="5 Feb 2018 21:57:35 GMT" time="2.794" errors="0">
  <testcase name="Test1_PageDisplay" time="2.129" classname="com.test.selenium.AppTest"/>
  <testcase name="Test3_VerifyCount_Empty_Message" time="0.245" classname="com.test.selenium.AppTest"/>
  <testcase name="Test2_VerifyCountMessage" time="0.420" classname="com.test.selenium.AppTest"/>
</testsuite> <!-- com.test.selenium.AppTest -->
