<?xml version="1.0" encoding="UTF-8"?>
<!-- Generated by org.testng.reporters.JUnitReportReporter -->
<testsuite hostname="RCCHN0027" name="com.test.selenium.SimpleApp_Test" tests="3" failures="0" timestamp="5 Feb 2018 22:06:11 GMT" time="3.053" errors="0">
  <testcase name="Test1_PageDisplay" time="2.159" classname="com.test.selenium.SimpleApp_Test"/>
  <testcase name="Test2_VerifyCountMessage" time="0.628" classname="com.test.selenium.SimpleApp_Test"/>
  <testcase name="Test3_VerifyCount_Empty_Message" time="0.266" classname="com.test.selenium.SimpleApp_Test"/>
</testsuite> <!-- com.test.selenium.SimpleApp_Test -->
